modulesCore/forum/build/intermediates/manifest_merge_blame_file/debug/processDebugManifest/manifest-merger-blame-debug-report.txt
1<?xml version="1.0" encoding="utf-8"?>
2<manifest xmlns:android="http://schemas.android.com/apk/res/android"
3    package="com.xuptggg.forum" >
4
5    <uses-sdk android:minSdkVersion="28" />
6
7    <application>
7-->main\release\AndroidManifest.xml:4:5-14:19
8        <activity
8-->main\release\AndroidManifest.xml:5:9-7:40
9            android:name="com.xuptggg.forum.thread.view.ThreadContainerActivity"
9-->main\release\AndroidManifest.xml:6:13-64
10            android:exported="false" />
10-->main\release\AndroidManifest.xml:7:13-37
11        <activity
11-->main\release\AndroidManifest.xml:8:9-10:40
12            android:name="com.xuptggg.forum.publish.view.PublishActivity"
12-->main\release\AndroidManifest.xml:9:13-57
13            android:exported="false" />
13-->main\release\AndroidManifest.xml:10:13-37
14        <activity
14-->main\release\AndroidManifest.xml:11:9-13:39
15            android:name="com.xuptggg.forum.square.ForumActivity"
15-->main\release\AndroidManifest.xml:12:13-49
16            android:exported="true" />
16-->main\release\AndroidManifest.xml:13:13-36
17    </application>
18
19</manifest>